<?xml version="1.0" encoding="utf-8" ?>
<!DOCTYPE html PUBLIC "-//W3C//DTD XHTML 1.0 Strict//EN"
        "http://www.w3.org/TR/xhtml1/DTD/xhtml1-strict.dtd">
<html xmlns="http://www.w3.org/1999/xhtml" xml:lang="" lang="">
<head>
  <title>GPP Test Automation Report - Surefire test</title>
  <meta http-equiv="Content-Type" content="text/html;charset=utf-8" />
  <meta name="description" content="TestNG unit test results." />
  <link href="reportng.css" rel="stylesheet" type="text/css" />
    <script type="text/javascript" src="reportng.js"></script>
</head>
<body>
<h1>Surefire test</h1>
<p>
  Test duration: 56.338s
</p>



  <table class="resultsTable">
    <tr><th colspan="3" class="header failed">Failed Tests</th></tr>
          <tr>
        <td colspan="3" class="group">TestRunner.TestRunner</td>
      </tr>
            
<tr>
  <td class="method">
                  <span class="description" title="Runs Cucumber Scenarios">runScenario</span>
      </td>
  <td class="duration">
    11.731s
  </td>
  <td class="result">
        
          <i>Method arguments: </i><span class="arguments">"Verify that the Computers section is displayed properly", "Optional[Verify Pickaboo Computers Section work properly]"</span><br />
    
        

        <a href="javascript:toggleElement('exception-0', 'block')" title="Click to expand/collapse"><b>org.openqa.selenium.NoSuchElementException: no such element: Unable to locate element: {&quot;method&quot;:&quot;xpath&quot;,&quot;selector&quot;:&quot;//input[@placeholder=&apos;Mobile Number/Email&apos;]&quot;}<br/>
&nbsp; (Session info: chrome=135.0.7049.96)<br/>
For documentation on this error, please visit: https://selenium.dev/exceptions/#no_such_element<br/>
Build info: version: &apos;4.1.3&apos;, revision: &apos;7b1ebf28ef&apos;<br/>
System info: host: &apos;DESKTOP-NKMA408&apos;, ip: &apos;192.168.68.155&apos;, os.name: &apos;Windows 10&apos;, os.arch: &apos;amd64&apos;, os.version: &apos;10.0&apos;, java.version: &apos;17.0.12&apos;<br/>
Driver info: org.openqa.selenium.chrome.ChromeDriver<br/>
Command: [19759333e2c99941b506e406e588c369, findElement {using=xpath, value=//input[@placeholder=&apos;Mobile Number/Email&apos;]}]<br/>
Capabilities {acceptInsecureCerts: false, browserName: chrome, browserVersion: 135.0.7049.96, chrome: {chromedriverVersion: 135.0.7049.97 (b41307079c9b..., userDataDir: C:\Windows\SystemTemp\scope...}, fedcm:accounts: true, goog:chromeOptions: {debuggerAddress: localhost:3894}, javascriptEnabled: true, networkConnectionEnabled: false, pageLoadStrategy: normal, platform: WINDOWS, platformName: WINDOWS, proxy: Proxy(), se:cdp: ws://localhost:3894/devtool..., se:cdpVersion: 135.0.7049.96, setWindowRect: true, strictFileInteractability: false, timeouts: {implicit: 0, pageLoad: 300000, script: 30000}, unhandledPromptBehavior: dismiss and notify, webauthn:extension:credBlob: true, webauthn:extension:largeBlob: true, webauthn:extension:minPinLength: true, webauthn:extension:prf: true, webauthn:virtualAuthenticators: true}<br/>
Session ID: 19759333e2c99941b506e406e588c369</b></a><br />
    <div class="stackTrace" id="exception-0">
              java.base/jdk.internal.reflect.NativeConstructorAccessorImpl.newInstance0(Native Method)<br />
              java.base/jdk.internal.reflect.NativeConstructorAccessorImpl.newInstance(NativeConstructorAccessorImpl.java:77)<br />
              java.base/jdk.internal.reflect.DelegatingConstructorAccessorImpl.newInstance(DelegatingConstructorAccessorImpl.java:45)<br />
              java.base/java.lang.reflect.Constructor.newInstanceWithCaller(Constructor.java:499)<br />
              java.base/java.lang.reflect.Constructor.newInstance(Constructor.java:480)<br />
              org.openqa.selenium.remote.codec.w3c.W3CHttpResponseCodec.createException(W3CHttpResponseCodec.java:200)<br />
              org.openqa.selenium.remote.codec.w3c.W3CHttpResponseCodec.decode(W3CHttpResponseCodec.java:133)<br />
              org.openqa.selenium.remote.codec.w3c.W3CHttpResponseCodec.decode(W3CHttpResponseCodec.java:53)<br />
              org.openqa.selenium.remote.HttpCommandExecutor.execute(HttpCommandExecutor.java:184)<br />
              org.openqa.selenium.remote.service.DriverCommandExecutor.invokeExecute(DriverCommandExecutor.java:167)<br />
              org.openqa.selenium.remote.service.DriverCommandExecutor.execute(DriverCommandExecutor.java:142)<br />
              org.openqa.selenium.remote.RemoteWebDriver.execute(RemoteWebDriver.java:567)<br />
              org.openqa.selenium.remote.ElementLocation$ElementFinder$2.findElement(ElementLocation.java:162)<br />
              org.openqa.selenium.remote.ElementLocation.findElement(ElementLocation.java:60)<br />
              org.openqa.selenium.remote.RemoteWebDriver.findElement(RemoteWebDriver.java:385)<br />
              org.openqa.selenium.remote.RemoteWebDriver.findElement(RemoteWebDriver.java:377)<br />
              Locator.Smartphones.MobileNumber(Smartphones.java:38)<br />
              StepDef.Smartphones_Test.checkThatMobileNumberSectionIsDisplayed(Smartphones_Test.java:38)<br />
              ?.Check that Mobile Number section is displayed(file:///C:/WEB-Automation-Java-SeleniumWebsite-master/src/test/java/Feature/Computers.feature:4)<br />
                </div>
      </td>
</tr>
<tr>
  <td class="method">
                  <span class="description" title="Runs Cucumber Scenarios">runScenario</span>
      </td>
  <td class="duration">
    9.944s
  </td>
  <td class="result">
        
          <i>Method arguments: </i><span class="arguments">"Verify that the Search product is displayed properly", "Optional[Verify Pickaboo Smartphones Section work properly]"</span><br />
    
        

        <a href="javascript:toggleElement('exception-1', 'block')" title="Click to expand/collapse"><b>org.openqa.selenium.NoSuchElementException: no such element: Unable to locate element: {&quot;method&quot;:&quot;xpath&quot;,&quot;selector&quot;:&quot;//input[@placeholder=&apos;Mobile Number/Email&apos;]&quot;}<br/>
&nbsp; (Session info: chrome=135.0.7049.96)<br/>
For documentation on this error, please visit: https://selenium.dev/exceptions/#no_such_element<br/>
Build info: version: &apos;4.1.3&apos;, revision: &apos;7b1ebf28ef&apos;<br/>
System info: host: &apos;DESKTOP-NKMA408&apos;, ip: &apos;192.168.68.155&apos;, os.name: &apos;Windows 10&apos;, os.arch: &apos;amd64&apos;, os.version: &apos;10.0&apos;, java.version: &apos;17.0.12&apos;<br/>
Driver info: org.openqa.selenium.chrome.ChromeDriver<br/>
Command: [0ecdac416d882bc4e160b7d27911e6aa, findElement {using=xpath, value=//input[@placeholder=&apos;Mobile Number/Email&apos;]}]<br/>
Capabilities {acceptInsecureCerts: false, browserName: chrome, browserVersion: 135.0.7049.96, chrome: {chromedriverVersion: 135.0.7049.97 (b41307079c9b..., userDataDir: C:\Windows\SystemTemp\scope...}, fedcm:accounts: true, goog:chromeOptions: {debuggerAddress: localhost:4060}, javascriptEnabled: true, networkConnectionEnabled: false, pageLoadStrategy: normal, platform: WINDOWS, platformName: WINDOWS, proxy: Proxy(), se:cdp: ws://localhost:4060/devtool..., se:cdpVersion: 135.0.7049.96, setWindowRect: true, strictFileInteractability: false, timeouts: {implicit: 0, pageLoad: 300000, script: 30000}, unhandledPromptBehavior: dismiss and notify, webauthn:extension:credBlob: true, webauthn:extension:largeBlob: true, webauthn:extension:minPinLength: true, webauthn:extension:prf: true, webauthn:virtualAuthenticators: true}<br/>
Session ID: 0ecdac416d882bc4e160b7d27911e6aa</b></a><br />
    <div class="stackTrace" id="exception-1">
              java.base/jdk.internal.reflect.NativeConstructorAccessorImpl.newInstance0(Native Method)<br />
              java.base/jdk.internal.reflect.NativeConstructorAccessorImpl.newInstance(NativeConstructorAccessorImpl.java:77)<br />
              java.base/jdk.internal.reflect.DelegatingConstructorAccessorImpl.newInstance(DelegatingConstructorAccessorImpl.java:45)<br />
              java.base/java.lang.reflect.Constructor.newInstanceWithCaller(Constructor.java:499)<br />
              java.base/java.lang.reflect.Constructor.newInstance(Constructor.java:480)<br />
              org.openqa.selenium.remote.codec.w3c.W3CHttpResponseCodec.createException(W3CHttpResponseCodec.java:200)<br />
              org.openqa.selenium.remote.codec.w3c.W3CHttpResponseCodec.decode(W3CHttpResponseCodec.java:133)<br />
              org.openqa.selenium.remote.codec.w3c.W3CHttpResponseCodec.decode(W3CHttpResponseCodec.java:53)<br />
              org.openqa.selenium.remote.HttpCommandExecutor.execute(HttpCommandExecutor.java:184)<br />
              org.openqa.selenium.remote.service.DriverCommandExecutor.invokeExecute(DriverCommandExecutor.java:167)<br />
              org.openqa.selenium.remote.service.DriverCommandExecutor.execute(DriverCommandExecutor.java:142)<br />
              org.openqa.selenium.remote.RemoteWebDriver.execute(RemoteWebDriver.java:567)<br />
              org.openqa.selenium.remote.ElementLocation$ElementFinder$2.findElement(ElementLocation.java:162)<br />
              org.openqa.selenium.remote.ElementLocation.findElement(ElementLocation.java:60)<br />
              org.openqa.selenium.remote.RemoteWebDriver.findElement(RemoteWebDriver.java:385)<br />
              org.openqa.selenium.remote.RemoteWebDriver.findElement(RemoteWebDriver.java:377)<br />
              Locator.Smartphones.MobileNumber(Smartphones.java:38)<br />
              StepDef.Smartphones_Test.checkThatMobileNumberSectionIsDisplayed(Smartphones_Test.java:38)<br />
              ?.Check that Mobile Number section is displayed(file:///C:/WEB-Automation-Java-SeleniumWebsite-master/src/test/java/Feature/Smartphones.feature:4)<br />
                </div>
      </td>
</tr>
<tr>
  <td class="method">
                  <span class="description" title="Runs Cucumber Scenarios">runScenario</span>
      </td>
  <td class="duration">
    9.898s
  </td>
  <td class="result">
        
          <i>Method arguments: </i><span class="arguments">"Verify that the Computers added review is given properly", "Optional[Verify Pickaboo Computers Section work properly]"</span><br />
    
        

        <a href="javascript:toggleElement('exception-2', 'block')" title="Click to expand/collapse"><b>org.openqa.selenium.NoSuchElementException: no such element: Unable to locate element: {&quot;method&quot;:&quot;xpath&quot;,&quot;selector&quot;:&quot;//input[@placeholder=&apos;Mobile Number/Email&apos;]&quot;}<br/>
&nbsp; (Session info: chrome=135.0.7049.96)<br/>
For documentation on this error, please visit: https://selenium.dev/exceptions/#no_such_element<br/>
Build info: version: &apos;4.1.3&apos;, revision: &apos;7b1ebf28ef&apos;<br/>
System info: host: &apos;DESKTOP-NKMA408&apos;, ip: &apos;192.168.68.155&apos;, os.name: &apos;Windows 10&apos;, os.arch: &apos;amd64&apos;, os.version: &apos;10.0&apos;, java.version: &apos;17.0.12&apos;<br/>
Driver info: org.openqa.selenium.chrome.ChromeDriver<br/>
Command: [30aaa4f46f3399e983bb1fdd037a6e95, findElement {using=xpath, value=//input[@placeholder=&apos;Mobile Number/Email&apos;]}]<br/>
Capabilities {acceptInsecureCerts: false, browserName: chrome, browserVersion: 135.0.7049.96, chrome: {chromedriverVersion: 135.0.7049.97 (b41307079c9b..., userDataDir: C:\Windows\SystemTemp\scope...}, fedcm:accounts: true, goog:chromeOptions: {debuggerAddress: localhost:3947}, javascriptEnabled: true, networkConnectionEnabled: false, pageLoadStrategy: normal, platform: WINDOWS, platformName: WINDOWS, proxy: Proxy(), se:cdp: ws://localhost:3947/devtool..., se:cdpVersion: 135.0.7049.96, setWindowRect: true, strictFileInteractability: false, timeouts: {implicit: 0, pageLoad: 300000, script: 30000}, unhandledPromptBehavior: dismiss and notify, webauthn:extension:credBlob: true, webauthn:extension:largeBlob: true, webauthn:extension:minPinLength: true, webauthn:extension:prf: true, webauthn:virtualAuthenticators: true}<br/>
Session ID: 30aaa4f46f3399e983bb1fdd037a6e95</b></a><br />
    <div class="stackTrace" id="exception-2">
              java.base/jdk.internal.reflect.NativeConstructorAccessorImpl.newInstance0(Native Method)<br />
              java.base/jdk.internal.reflect.NativeConstructorAccessorImpl.newInstance(NativeConstructorAccessorImpl.java:77)<br />
              java.base/jdk.internal.reflect.DelegatingConstructorAccessorImpl.newInstance(DelegatingConstructorAccessorImpl.java:45)<br />
              java.base/java.lang.reflect.Constructor.newInstanceWithCaller(Constructor.java:499)<br />
              java.base/java.lang.reflect.Constructor.newInstance(Constructor.java:480)<br />
              org.openqa.selenium.remote.codec.w3c.W3CHttpResponseCodec.createException(W3CHttpResponseCodec.java:200)<br />
              org.openqa.selenium.remote.codec.w3c.W3CHttpResponseCodec.decode(W3CHttpResponseCodec.java:133)<br />
              org.openqa.selenium.remote.codec.w3c.W3CHttpResponseCodec.decode(W3CHttpResponseCodec.java:53)<br />
              org.openqa.selenium.remote.HttpCommandExecutor.execute(HttpCommandExecutor.java:184)<br />
              org.openqa.selenium.remote.service.DriverCommandExecutor.invokeExecute(DriverCommandExecutor.java:167)<br />
              org.openqa.selenium.remote.service.DriverCommandExecutor.execute(DriverCommandExecutor.java:142)<br />
              org.openqa.selenium.remote.RemoteWebDriver.execute(RemoteWebDriver.java:567)<br />
              org.openqa.selenium.remote.ElementLocation$ElementFinder$2.findElement(ElementLocation.java:162)<br />
              org.openqa.selenium.remote.ElementLocation.findElement(ElementLocation.java:60)<br />
              org.openqa.selenium.remote.RemoteWebDriver.findElement(RemoteWebDriver.java:385)<br />
              org.openqa.selenium.remote.RemoteWebDriver.findElement(RemoteWebDriver.java:377)<br />
              Locator.Smartphones.MobileNumber(Smartphones.java:38)<br />
              StepDef.Smartphones_Test.checkThatMobileNumberSectionIsDisplayed(Smartphones_Test.java:38)<br />
              ?.Check that Mobile Number section is displayed(file:///C:/WEB-Automation-Java-SeleniumWebsite-master/src/test/java/Feature/Computers.feature:4)<br />
                </div>
      </td>
</tr>
<tr>
  <td class="method">
                  <span class="description" title="Runs Cucumber Scenarios">runScenario</span>
      </td>
  <td class="duration">
    12.861s
  </td>
  <td class="result">
        
          <i>Method arguments: </i><span class="arguments">"Verify that the product is removed properly", "Optional[Verify Pickaboo Smartphones Section work properly]"</span><br />
    
        

        <a href="javascript:toggleElement('exception-3', 'block')" title="Click to expand/collapse"><b>org.openqa.selenium.NoSuchElementException: no such element: Unable to locate element: {&quot;method&quot;:&quot;xpath&quot;,&quot;selector&quot;:&quot;//input[@placeholder=&apos;Mobile Number/Email&apos;]&quot;}<br/>
&nbsp; (Session info: chrome=135.0.7049.96)<br/>
For documentation on this error, please visit: https://selenium.dev/exceptions/#no_such_element<br/>
Build info: version: &apos;4.1.3&apos;, revision: &apos;7b1ebf28ef&apos;<br/>
System info: host: &apos;DESKTOP-NKMA408&apos;, ip: &apos;192.168.68.155&apos;, os.name: &apos;Windows 10&apos;, os.arch: &apos;amd64&apos;, os.version: &apos;10.0&apos;, java.version: &apos;17.0.12&apos;<br/>
Driver info: org.openqa.selenium.chrome.ChromeDriver<br/>
Command: [93d7ec7843c48cbf1f6869563c591178, findElement {using=xpath, value=//input[@placeholder=&apos;Mobile Number/Email&apos;]}]<br/>
Capabilities {acceptInsecureCerts: false, browserName: chrome, browserVersion: 135.0.7049.96, chrome: {chromedriverVersion: 135.0.7049.97 (b41307079c9b..., userDataDir: C:\Windows\SystemTemp\scope...}, fedcm:accounts: true, goog:chromeOptions: {debuggerAddress: localhost:4118}, javascriptEnabled: true, networkConnectionEnabled: false, pageLoadStrategy: normal, platform: WINDOWS, platformName: WINDOWS, proxy: Proxy(), se:cdp: ws://localhost:4118/devtool..., se:cdpVersion: 135.0.7049.96, setWindowRect: true, strictFileInteractability: false, timeouts: {implicit: 0, pageLoad: 300000, script: 30000}, unhandledPromptBehavior: dismiss and notify, webauthn:extension:credBlob: true, webauthn:extension:largeBlob: true, webauthn:extension:minPinLength: true, webauthn:extension:prf: true, webauthn:virtualAuthenticators: true}<br/>
Session ID: 93d7ec7843c48cbf1f6869563c591178</b></a><br />
    <div class="stackTrace" id="exception-3">
              java.base/jdk.internal.reflect.NativeConstructorAccessorImpl.newInstance0(Native Method)<br />
              java.base/jdk.internal.reflect.NativeConstructorAccessorImpl.newInstance(NativeConstructorAccessorImpl.java:77)<br />
              java.base/jdk.internal.reflect.DelegatingConstructorAccessorImpl.newInstance(DelegatingConstructorAccessorImpl.java:45)<br />
              java.base/java.lang.reflect.Constructor.newInstanceWithCaller(Constructor.java:499)<br />
              java.base/java.lang.reflect.Constructor.newInstance(Constructor.java:480)<br />
              org.openqa.selenium.remote.codec.w3c.W3CHttpResponseCodec.createException(W3CHttpResponseCodec.java:200)<br />
              org.openqa.selenium.remote.codec.w3c.W3CHttpResponseCodec.decode(W3CHttpResponseCodec.java:133)<br />
              org.openqa.selenium.remote.codec.w3c.W3CHttpResponseCodec.decode(W3CHttpResponseCodec.java:53)<br />
              org.openqa.selenium.remote.HttpCommandExecutor.execute(HttpCommandExecutor.java:184)<br />
              org.openqa.selenium.remote.service.DriverCommandExecutor.invokeExecute(DriverCommandExecutor.java:167)<br />
              org.openqa.selenium.remote.service.DriverCommandExecutor.execute(DriverCommandExecutor.java:142)<br />
              org.openqa.selenium.remote.RemoteWebDriver.execute(RemoteWebDriver.java:567)<br />
              org.openqa.selenium.remote.ElementLocation$ElementFinder$2.findElement(ElementLocation.java:162)<br />
              org.openqa.selenium.remote.ElementLocation.findElement(ElementLocation.java:60)<br />
              org.openqa.selenium.remote.RemoteWebDriver.findElement(RemoteWebDriver.java:385)<br />
              org.openqa.selenium.remote.RemoteWebDriver.findElement(RemoteWebDriver.java:377)<br />
              Locator.Smartphones.MobileNumber(Smartphones.java:38)<br />
              StepDef.Smartphones_Test.checkThatMobileNumberSectionIsDisplayed(Smartphones_Test.java:38)<br />
              ?.Check that Mobile Number section is displayed(file:///C:/WEB-Automation-Java-SeleniumWebsite-master/src/test/java/Feature/Smartphones.feature:4)<br />
                </div>
      </td>
</tr>
<tr>
  <td class="method">
                  <span class="description" title="Runs Cucumber Scenarios">runScenario</span>
      </td>
  <td class="duration">
    10.575s
  </td>
  <td class="result">
        
          <i>Method arguments: </i><span class="arguments">"Verify that the Smartphone section is displayed properly", "Optional[Verify Pickaboo Smartphones Section work properly]"</span><br />
    
        

        <a href="javascript:toggleElement('exception-4', 'block')" title="Click to expand/collapse"><b>org.openqa.selenium.NoSuchElementException: no such element: Unable to locate element: {&quot;method&quot;:&quot;xpath&quot;,&quot;selector&quot;:&quot;//input[@placeholder=&apos;Mobile Number/Email&apos;]&quot;}<br/>
&nbsp; (Session info: chrome=135.0.7049.96)<br/>
For documentation on this error, please visit: https://selenium.dev/exceptions/#no_such_element<br/>
Build info: version: &apos;4.1.3&apos;, revision: &apos;7b1ebf28ef&apos;<br/>
System info: host: &apos;DESKTOP-NKMA408&apos;, ip: &apos;192.168.68.155&apos;, os.name: &apos;Windows 10&apos;, os.arch: &apos;amd64&apos;, os.version: &apos;10.0&apos;, java.version: &apos;17.0.12&apos;<br/>
Driver info: org.openqa.selenium.chrome.ChromeDriver<br/>
Command: [5888ef3934d71e8abece6cd92385e4fe, findElement {using=xpath, value=//input[@placeholder=&apos;Mobile Number/Email&apos;]}]<br/>
Capabilities {acceptInsecureCerts: false, browserName: chrome, browserVersion: 135.0.7049.96, chrome: {chromedriverVersion: 135.0.7049.97 (b41307079c9b..., userDataDir: C:\Windows\SystemTemp\scope...}, fedcm:accounts: true, goog:chromeOptions: {debuggerAddress: localhost:4004}, javascriptEnabled: true, networkConnectionEnabled: false, pageLoadStrategy: normal, platform: WINDOWS, platformName: WINDOWS, proxy: Proxy(), se:cdp: ws://localhost:4004/devtool..., se:cdpVersion: 135.0.7049.96, setWindowRect: true, strictFileInteractability: false, timeouts: {implicit: 0, pageLoad: 300000, script: 30000}, unhandledPromptBehavior: dismiss and notify, webauthn:extension:credBlob: true, webauthn:extension:largeBlob: true, webauthn:extension:minPinLength: true, webauthn:extension:prf: true, webauthn:virtualAuthenticators: true}<br/>
Session ID: 5888ef3934d71e8abece6cd92385e4fe</b></a><br />
    <div class="stackTrace" id="exception-4">
              java.base/jdk.internal.reflect.NativeConstructorAccessorImpl.newInstance0(Native Method)<br />
              java.base/jdk.internal.reflect.NativeConstructorAccessorImpl.newInstance(NativeConstructorAccessorImpl.java:77)<br />
              java.base/jdk.internal.reflect.DelegatingConstructorAccessorImpl.newInstance(DelegatingConstructorAccessorImpl.java:45)<br />
              java.base/java.lang.reflect.Constructor.newInstanceWithCaller(Constructor.java:499)<br />
              java.base/java.lang.reflect.Constructor.newInstance(Constructor.java:480)<br />
              org.openqa.selenium.remote.codec.w3c.W3CHttpResponseCodec.createException(W3CHttpResponseCodec.java:200)<br />
              org.openqa.selenium.remote.codec.w3c.W3CHttpResponseCodec.decode(W3CHttpResponseCodec.java:133)<br />
              org.openqa.selenium.remote.codec.w3c.W3CHttpResponseCodec.decode(W3CHttpResponseCodec.java:53)<br />
              org.openqa.selenium.remote.HttpCommandExecutor.execute(HttpCommandExecutor.java:184)<br />
              org.openqa.selenium.remote.service.DriverCommandExecutor.invokeExecute(DriverCommandExecutor.java:167)<br />
              org.openqa.selenium.remote.service.DriverCommandExecutor.execute(DriverCommandExecutor.java:142)<br />
              org.openqa.selenium.remote.RemoteWebDriver.execute(RemoteWebDriver.java:567)<br />
              org.openqa.selenium.remote.ElementLocation$ElementFinder$2.findElement(ElementLocation.java:162)<br />
              org.openqa.selenium.remote.ElementLocation.findElement(ElementLocation.java:60)<br />
              org.openqa.selenium.remote.RemoteWebDriver.findElement(RemoteWebDriver.java:385)<br />
              org.openqa.selenium.remote.RemoteWebDriver.findElement(RemoteWebDriver.java:377)<br />
              Locator.Smartphones.MobileNumber(Smartphones.java:38)<br />
              StepDef.Smartphones_Test.checkThatMobileNumberSectionIsDisplayed(Smartphones_Test.java:38)<br />
              ?.Check that Mobile Number section is displayed(file:///C:/WEB-Automation-Java-SeleniumWebsite-master/src/test/java/Feature/Smartphones.feature:4)<br />
                </div>
      </td>
</tr>
      </table>


  
</body>
</html>
